{"/Users/power/Desktop/code-life/study/unit-test/jest-starter/src/utils/after1000ms.ts": {"path":"/Users/power/Desktop/code-life/study/unit-test/jest-starter/src/utils/after1000ms.ts","all":false,"statementMap":{"0":{"start":{"line":1,"column":0},"end":{"line":1,"column":0}},"1":{"start":{"line":2,"column":0},"end":{"line":2,"column":43}},"2":{"start":{"line":3,"column":0},"end":{"line":3,"column":0}},"3":{"start":{"line":4,"column":0},"end":{"line":4,"column":49}},"4":{"start":{"line":5,"column":0},"end":{"line":5,"column":22}},"5":{"start":{"line":6,"column":0},"end":{"line":6,"column":20}},"6":{"start":{"line":7,"column":0},"end":{"line":7,"column":24}},"7":{"start":{"line":8,"column":0},"end":{"line":8,"column":27}},"8":{"start":{"line":9,"column":0},"end":{"line":9,"column":11}},"9":{"start":{"line":10,"column":0},"end":{"line":10,"column":2}},"10":{"start":{"line":11,"column":0},"end":{"line":11,"column":0}},"11":{"start":{"line":12,"column":0},"end":{"line":12,"column":27}}},"s":{"0":1,"1":1,"2":1,"3":1,"4":1,"5":1,"6":1,"7":1,"8":1,"9":1,"10":1,"11":1},"branchMap":{"0":{"type":"branch","line":4,"loc":{"start":{"line":4,"column":20},"end":{"line":10,"column":2}},"locations":[{"start":{"line":4,"column":20},"end":{"line":10,"column":2}}]},"1":{"type":"branch","line":6,"loc":{"start":{"line":6,"column":13},"end":{"line":9,"column":3}},"locations":[{"start":{"line":6,"column":13},"end":{"line":9,"column":3}}]}},"b":{"0":[1],"1":[1]},"fnMap":{"0":{"name":"after1000ms","decl":{"start":{"line":4,"column":20},"end":{"line":10,"column":2}},"loc":{"start":{"line":4,"column":20},"end":{"line":10,"column":2}},"line":4}},"f":{"0":1}}
,"/Users/power/Desktop/code-life/study/unit-test/jest-starter/src/utils/getSearchObj.ts": {"path":"/Users/power/Desktop/code-life/study/unit-test/jest-starter/src/utils/getSearchObj.ts","all":false,"statementMap":{"0":{"start":{"line":1,"column":0},"end":{"line":1,"column":28}},"1":{"start":{"line":2,"column":0},"end":{"line":2,"column":27}},"2":{"start":{"line":3,"column":0},"end":{"line":3,"column":56}},"3":{"start":{"line":4,"column":0},"end":{"line":4,"column":3}},"4":{"start":{"line":5,"column":0},"end":{"line":5,"column":2}},"5":{"start":{"line":6,"column":0},"end":{"line":6,"column":0}},"6":{"start":{"line":7,"column":0},"end":{"line":7,"column":28}}},"s":{"0":1,"1":2,"2":2,"3":2,"4":2,"5":1,"6":1},"branchMap":{"0":{"type":"branch","line":1,"loc":{"start":{"line":1,"column":21},"end":{"line":5,"column":2}},"locations":[{"start":{"line":1,"column":21},"end":{"line":5,"column":2}}]}},"b":{"0":[2]},"fnMap":{"0":{"name":"getSearchObj","decl":{"start":{"line":1,"column":21},"end":{"line":5,"column":2}},"loc":{"start":{"line":1,"column":21},"end":{"line":5,"column":2}},"line":1}},"f":{"0":2}}
,"/Users/power/Desktop/code-life/study/unit-test/jest-starter/src/utils/objToSearchStr.ts": {"path":"/Users/power/Desktop/code-life/study/unit-test/jest-starter/src/utils/objToSearchStr.ts","all":false,"statementMap":{"0":{"start":{"line":1,"column":0},"end":{"line":1,"column":66}},"1":{"start":{"line":2,"column":0},"end":{"line":2,"column":32}},"2":{"start":{"line":3,"column":0},"end":{"line":3,"column":43}},"3":{"start":{"line":4,"column":0},"end":{"line":4,"column":34}},"4":{"start":{"line":5,"column":0},"end":{"line":5,"column":39}},"5":{"start":{"line":6,"column":0},"end":{"line":6,"column":24}},"6":{"start":{"line":7,"column":0},"end":{"line":7,"column":5}},"7":{"start":{"line":8,"column":0},"end":{"line":8,"column":27}},"8":{"start":{"line":9,"column":0},"end":{"line":9,"column":2}},"9":{"start":{"line":10,"column":0},"end":{"line":10,"column":0}},"10":{"start":{"line":11,"column":0},"end":{"line":11,"column":30}}},"s":{"0":1,"1":1,"2":1,"3":2,"4":2,"5":2,"6":1,"7":1,"8":1,"9":1,"10":1},"branchMap":{"0":{"type":"branch","line":1,"loc":{"start":{"line":1,"column":23},"end":{"line":9,"column":2}},"locations":[{"start":{"line":1,"column":23},"end":{"line":9,"column":2}}]},"1":{"type":"branch","line":3,"loc":{"start":{"line":3,"column":30},"end":{"line":7,"column":3}},"locations":[{"start":{"line":3,"column":30},"end":{"line":7,"column":3}}]}},"b":{"0":[1],"1":[2]},"fnMap":{"0":{"name":"objToSearchStr","decl":{"start":{"line":1,"column":23},"end":{"line":9,"column":2}},"loc":{"start":{"line":1,"column":23},"end":{"line":9,"column":2}},"line":1}},"f":{"0":1}}
,"/Users/power/Desktop/code-life/study/unit-test/jest-starter/src/utils/storage.ts": {"path":"/Users/power/Desktop/code-life/study/unit-test/jest-starter/src/utils/storage.ts","all":false,"statementMap":{"0":{"start":{"line":1,"column":0},"end":{"line":1,"column":27}},"1":{"start":{"line":2,"column":0},"end":{"line":2,"column":0}},"2":{"start":{"line":3,"column":0},"end":{"line":3,"column":45}},"3":{"start":{"line":4,"column":0},"end":{"line":4,"column":48}},"4":{"start":{"line":5,"column":0},"end":{"line":5,"column":2}},"5":{"start":{"line":6,"column":0},"end":{"line":6,"column":0}},"6":{"start":{"line":7,"column":0},"end":{"line":7,"column":30}},"7":{"start":{"line":8,"column":0},"end":{"line":8,"column":48}},"8":{"start":{"line":9,"column":0},"end":{"line":9,"column":2}},"9":{"start":{"line":10,"column":0},"end":{"line":10,"column":0}},"10":{"start":{"line":11,"column":0},"end":{"line":11,"column":17}},"11":{"start":{"line":12,"column":0},"end":{"line":12,"column":8}},"12":{"start":{"line":13,"column":0},"end":{"line":13,"column":8}},"13":{"start":{"line":14,"column":0},"end":{"line":14,"column":2}},"14":{"start":{"line":15,"column":0},"end":{"line":15,"column":0}},"15":{"start":{"line":16,"column":0},"end":{"line":16,"column":23}}},"s":{"0":1,"1":1,"2":1,"3":1,"4":1,"5":1,"6":1,"7":1,"8":1,"9":1,"10":1,"11":1,"12":1,"13":1,"14":1,"15":1},"branchMap":{"0":{"type":"branch","line":3,"loc":{"start":{"line":3,"column":12},"end":{"line":5,"column":2}},"locations":[{"start":{"line":3,"column":12},"end":{"line":5,"column":2}}]},"1":{"type":"branch","line":7,"loc":{"start":{"line":7,"column":12},"end":{"line":9,"column":2}},"locations":[{"start":{"line":7,"column":12},"end":{"line":9,"column":2}}]}},"b":{"0":[1],"1":[1]},"fnMap":{"0":{"name":"set","decl":{"start":{"line":3,"column":12},"end":{"line":5,"column":2}},"loc":{"start":{"line":3,"column":12},"end":{"line":5,"column":2}},"line":3},"1":{"name":"get","decl":{"start":{"line":7,"column":12},"end":{"line":9,"column":2}},"loc":{"start":{"line":7,"column":12},"end":{"line":9,"column":2}},"line":7}},"f":{"0":1,"1":1}}
,"/Users/power/Desktop/code-life/study/unit-test/jest-starter/src/utils/sum.ts": {"path":"/Users/power/Desktop/code-life/study/unit-test/jest-starter/src/utils/sum.ts","all":false,"statementMap":{"0":{"start":{"line":1,"column":0},"end":{"line":1,"column":39}},"1":{"start":{"line":2,"column":0},"end":{"line":2,"column":17}},"2":{"start":{"line":3,"column":0},"end":{"line":3,"column":1}},"3":{"start":{"line":4,"column":0},"end":{"line":4,"column":0}},"4":{"start":{"line":5,"column":0},"end":{"line":5,"column":19}}},"s":{"0":1,"1":1,"2":1,"3":1,"4":1},"branchMap":{"0":{"type":"branch","line":1,"loc":{"start":{"line":1,"column":12},"end":{"line":3,"column":1}},"locations":[{"start":{"line":1,"column":12},"end":{"line":3,"column":1}}]}},"b":{"0":[1]},"fnMap":{"0":{"name":"sum","decl":{"start":{"line":1,"column":12},"end":{"line":3,"column":1}},"loc":{"start":{"line":1,"column":12},"end":{"line":3,"column":1}},"line":1}},"f":{"0":1}}
}
